<?xml version="1.0" encoding="UTF-8"?>
<!-- Generated by org.testng.reporters.JUnitReportReporter -->
<testsuite hostname="Shagars-MacBook-Pro.local" failures="0" tests="1" name="runner.Smoke_Test_Runner" time="20.440" errors="0" timestamp="2021-12-28T17:43:04 EST" skipped="0">
  <testcase classname="runner.Smoke_Test_Runner" name="runScenario" time="20.440"/>
  <system-out/>
</testsuite> <!-- runner.Smoke_Test_Runner -->
